<?xml version="1.0" encoding="UTF-8"?>
<testng-results skipped="1" failed="0" total="1" passed="0">
  <reporter-output>
  </reporter-output>
  <suite name="Default suite" duration-ms="33" started-at="2013-03-10T04:29:27Z" finished-at="2013-03-10T04:29:27Z">
    <groups>
    </groups>
    <test name="Default test" duration-ms="33" started-at="2013-03-10T04:29:27Z" finished-at="2013-03-10T04:29:27Z">
      <class name="au.com.asx.StockPriceSearchResult">
        <test-method status="FAIL" signature="setUp()[pri:0, instance:au.com.asx.StockPriceSearchResult@15b9e68]" name="setUp" is-config="true" duration-ms="0" started-at="2013-03-10T09:59:27Z" finished-at="2013-03-10T09:59:27Z">
          <exception class="java.lang.Exception">
            <message>
              <![CDATA[Failure loading config file "Object.properties".]]>
            </message>
            <full-stacktrace>
              <![CDATA[java.lang.Exception: Failure loading config file "Object.properties".
	at au.com.asx.StockPriceSearchResult.getProperties(StockPriceSearchResult.java:100)
	at au.com.asx.StockPriceSearchResult.setUp(StockPriceSearchResult.java:41)
	at sun.reflect.NativeMethodAccessorImpl.invoke0(Native Method)
	at sun.reflect.NativeMethodAccessorImpl.invoke(Unknown Source)
	at sun.reflect.DelegatingMethodAccessorImpl.invoke(Unknown Source)
	at java.lang.reflect.Method.invoke(Unknown Source)
	at org.testng.internal.MethodInvocationHelper.invokeMethod(MethodInvocationHelper.java:80)
	at org.testng.internal.Invoker.invokeConfigurationMethod(Invoker.java:564)
	at org.testng.internal.Invoker.invokeConfigurations(Invoker.java:213)
	at org.testng.internal.Invoker.invokeConfigurations(Invoker.java:138)
	at org.testng.TestRunner.beforeRun(TestRunner.java:641)
	at org.testng.TestRunner.run(TestRunner.java:609)
	at org.testng.SuiteRunner.runTest(SuiteRunner.java:334)
	at org.testng.SuiteRunner.runSequentially(SuiteRunner.java:329)
	at org.testng.SuiteRunner.privateRun(SuiteRunner.java:291)
	at org.testng.SuiteRunner.run(SuiteRunner.java:240)
	at org.testng.SuiteRunnerWorker.runSuite(SuiteRunnerWorker.java:52)
	at org.testng.SuiteRunnerWorker.run(SuiteRunnerWorker.java:86)
	at org.testng.TestNG.runSuitesSequentially(TestNG.java:1203)
	at org.testng.TestNG.runSuitesLocally(TestNG.java:1128)
	at org.testng.TestNG.run(TestNG.java:1036)
	at org.testng.remote.RemoteTestNG.run(RemoteTestNG.java:111)
	at org.testng.remote.RemoteTestNG.initAndRun(RemoteTestNG.java:204)
	at org.testng.remote.RemoteTestNG.main(RemoteTestNG.java:175)
]]>
            </full-stacktrace>
          </exception> <!-- java.lang.Exception -->
          <reporter-output>
          </reporter-output>
        </test-method> <!-- setUp -->
        <test-method status="SKIP" signature="priceSearch()[pri:0, instance:au.com.asx.StockPriceSearchResult@15b9e68]" name="priceSearch" duration-ms="2" started-at="2013-03-10T09:59:27Z" finished-at="2013-03-10T09:59:27Z">
          <reporter-output>
          </reporter-output>
        </test-method> <!-- priceSearch -->
        <test-method status="SKIP" signature="tearDown()[pri:0, instance:au.com.asx.StockPriceSearchResult@15b9e68]" name="tearDown" is-config="true" duration-ms="0" started-at="2013-03-10T09:59:27Z" finished-at="2013-03-10T09:59:27Z">
          <reporter-output>
          </reporter-output>
        </test-method> <!-- tearDown -->
      </class> <!-- au.com.asx.StockPriceSearchResult -->
    </test> <!-- Default test -->
  </suite> <!-- Default suite -->
</testng-results>
